Using pre-set license
Built from '2021.3/release' branch; Version is '2021.3.12f1 (8af3c3e441b1) revision 9106371'; Using compiler version '192829333'; Build Type 'Release'
OS: 'Windows 10  (10.0.19045) 64bit Professional' Language: 'es' Physical Memory: 16333 MB
BatchMode: 1, IsHumanControllingUs: 0, StartBugReporterOnCrash: 0, Is64bit: 1, IsPro: 1

COMMAND LINE ARGUMENTS:
C:\Program Files\Unity\2021.3.12f1\Editor\Unity.exe
-adb2
-batchMode
-noUpm
-name
AssetImportWorker0
-projectPath
E:/Unity/Cursos/Mobile/City Car Racing 3D Game
-logFile
Logs/AssetImportWorker0.log
-srvPort
51761
Successfully changed project path to: E:/Unity/Cursos/Mobile/City Car Racing 3D Game
E:/Unity/Cursos/Mobile/City Car Racing 3D Game
[UnityMemory] Configuration Parameters - Can be set up in boot.config
    "memorysetup-bucket-allocator-granularity=16"
    "memorysetup-bucket-allocator-bucket-count=8"
    "memorysetup-bucket-allocator-block-size=33554432"
    "memorysetup-bucket-allocator-block-count=8"
    "memorysetup-main-allocator-block-size=16777216"
    "memorysetup-thread-allocator-block-size=16777216"
    "memorysetup-gfx-main-allocator-block-size=16777216"
    "memorysetup-gfx-thread-allocator-block-size=16777216"
    "memorysetup-cache-allocator-block-size=4194304"
    "memorysetup-typetree-allocator-block-size=2097152"
    "memorysetup-profiler-bucket-allocator-granularity=16"
    "memorysetup-profiler-bucket-allocator-bucket-count=8"
    "memorysetup-profiler-bucket-allocator-block-size=33554432"
    "memorysetup-profiler-bucket-allocator-block-count=8"
    "memorysetup-profiler-allocator-block-size=16777216"
    "memorysetup-profiler-editor-allocator-block-size=1048576"
    "memorysetup-temp-allocator-size-main=16777216"
    "memorysetup-job-temp-allocator-block-size=2097152"
    "memorysetup-job-temp-allocator-block-size-background=1048576"
    "memorysetup-job-temp-allocator-reduction-small-platforms=262144"
    "memorysetup-temp-allocator-size-background-worker=32768"
    "memorysetup-temp-allocator-size-job-worker=262144"
    "memorysetup-temp-allocator-size-preload-manager=33554432"
    "memorysetup-temp-allocator-size-nav-mesh-worker=65536"
    "memorysetup-temp-allocator-size-audio-worker=65536"
    "memorysetup-temp-allocator-size-cloud-worker=32768"
    "memorysetup-temp-allocator-size-gi-baking-worker=262144"
    "memorysetup-temp-allocator-size-gfx=262144"
Refreshing native plugins compatible for Editor in 102.35 ms, found 3 plugins.
Preloading 0 native plugins for Editor in 0.00 ms.
Initialize engine version: 2021.3.12f1 (8af3c3e441b1)
[Subsystems] Discovering subsystems at path C:/Program Files/Unity/2021.3.12f1/Editor/Data/Resources/UnitySubsystems
[Subsystems] Discovering subsystems at path E:/Unity/Cursos/Mobile/City Car Racing 3D Game/Assets
GfxDevice: creating device client; threaded=0; jobified=0
Direct3D:
    Version:  Direct3D 11.0 [level 11.1]
    Renderer: NVIDIA GeForce GTX 1650 (ID=0x1f82)
    Vendor:   NVIDIA
    VRAM:     3949 MB
    Driver:   31.0.15.3667
Initialize mono
Mono path[0] = 'C:/Program Files/Unity/2021.3.12f1/Editor/Data/Managed'
Mono path[1] = 'C:/Program Files/Unity/2021.3.12f1/Editor/Data/MonoBleedingEdge/lib/mono/unityjit-win32'
Mono config path = 'C:/Program Files/Unity/2021.3.12f1/Editor/Data/MonoBleedingEdge/etc'
Using monoOptions --debugger-agent=transport=dt_socket,embedding=1,server=y,suspend=n,address=127.0.0.1:56424
Begin MonoManager ReloadAssembly
Registering precompiled unity dll's ...
Register platform support module: C:/Program Files/Unity/2021.3.12f1/Editor/Data/PlaybackEngines/AndroidPlayer/UnityEditor.Android.Extensions.dll
Register platform support module: C:/Program Files/Unity/2021.3.12f1/Editor/Data/PlaybackEngines/iOSSupport/UnityEditor.iOS.Extensions.dll
Register platform support module: C:/Program Files/Unity/2021.3.12f1/Editor/Data/PlaybackEngines/WindowsStandaloneSupport/UnityEditor.WindowsStandalone.Extensions.dll
Registered in 0.012663 seconds.
Native extension for WindowsStandalone target not found
[usbmuxd] Start listen thread
[usbmuxd] Listen thread started
Native extension for iOS target not found
Native extension for Android target not found
Refreshing native plugins compatible for Editor in 99.29 ms, found 3 plugins.
Preloading 0 native plugins for Editor in 0.00 ms.
Mono: successfully reloaded assembly
- Completed reload, in  0.840 seconds
Domain Reload Profiling:
	ReloadAssembly (841ms)
		BeginReloadAssembly (104ms)
			ExecutionOrderSort (0ms)
			DisableScriptedObjects (0ms)
			BackupInstance (0ms)
			ReleaseScriptingObjects (0ms)
			CreateAndSetChildDomain (1ms)
		EndReloadAssembly (590ms)
			LoadAssemblies (100ms)
			RebuildTransferFunctionScriptingTraits (0ms)
			SetupTypeCache (130ms)
			ReleaseScriptCaches (0ms)
			RebuildScriptCaches (34ms)
			SetupLoadedEditorAssemblies (357ms)
				LogAssemblyErrors (0ms)
				InitializePlatformSupportModulesInManaged (85ms)
				SetLoadedEditorAssemblies (0ms)
				RefreshPlugins (99ms)
				BeforeProcessingInitializeOnLoad (2ms)
				ProcessInitializeOnLoadAttributes (118ms)
				ProcessInitializeOnLoadMethodAttributes (54ms)
				AfterProcessingInitializeOnLoad (0ms)
				EditorAssembliesLoaded (0ms)
			ExecutionOrderSort2 (0ms)
			AwakeInstancesAfterBackupRestoration (0ms)
Platform modules already initialized, skipping
Registering precompiled user dll's ...
Registered in 0.005579 seconds.
Begin MonoManager ReloadAssembly
Symbol file LoadedFromMemory doesn't match image E:\Unity\Cursos\Mobile\City Car Racing 3D Game\Library\PackageCache\com.unity.visualscripting@1.7.8\Editor\VisualScripting.Core\Dependencies\YamlDotNet\Unity.VisualScripting.YamlDotNet.dll
Symbol file LoadedFromMemory doesn't match image E:\Unity\Cursos\Mobile\City Car Racing 3D Game\Library\PackageCache\com.unity.visualscripting@1.7.8\Editor\VisualScripting.Core\Dependencies\DotNetZip\Unity.VisualScripting.IonicZip.dll
Native extension for WindowsStandalone target not found
Native extension for iOS target not found
Native extension for Android target not found
Refreshing native plugins compatible for Editor in 0.80 ms, found 3 plugins.
Preloading 0 native plugins for Editor in 0.00 ms.
Mono: successfully reloaded assembly
Package Manager log level set to [2]
- Completed reload, in  1.412 seconds
Domain Reload Profiling:
	ReloadAssembly (1413ms)
		BeginReloadAssembly (264ms)
			ExecutionOrderSort (0ms)
			DisableScriptedObjects (9ms)
			BackupInstance (0ms)
			ReleaseScriptingObjects (0ms)
			CreateAndSetChildDomain (131ms)
		EndReloadAssembly (1003ms)
			LoadAssemblies (116ms)
			RebuildTransferFunctionScriptingTraits (0ms)
			SetupTypeCache (299ms)
			ReleaseScriptCaches (1ms)
			RebuildScriptCaches (66ms)
			SetupLoadedEditorAssemblies (483ms)
				LogAssemblyErrors (0ms)
				InitializePlatformSupportModulesInManaged (33ms)
				SetLoadedEditorAssemblies (1ms)
				RefreshPlugins (1ms)
				BeforeProcessingInitializeOnLoad (104ms)
				ProcessInitializeOnLoadAttributes (294ms)
				ProcessInitializeOnLoadMethodAttributes (37ms)
				AfterProcessingInitializeOnLoad (14ms)
				EditorAssembliesLoaded (0ms)
			ExecutionOrderSort2 (0ms)
			AwakeInstancesAfterBackupRestoration (7ms)
Platform modules already initialized, skipping
========================================================================
Worker process is ready to serve import requests
Launched and connected shader compiler UnityShaderCompiler.exe after 0.06 seconds
Refreshing native plugins compatible for Editor in 0.86 ms, found 3 plugins.
Preloading 0 native plugins for Editor in 0.00 ms.
Unloading 3672 Unused Serialized files (Serialized files now loaded: 0)
Unloading 54 unused Assets / (160.9 KB). Loaded Objects now: 4123.
Memory consumption went from 153.7 MB to 153.5 MB.
Total: 3.897900 ms (FindLiveObjects: 0.378200 ms CreateObjectMapping: 0.100900 ms MarkObjects: 3.271300 ms  DeleteObjects: 0.146400 ms)

AssetImportParameters requested are different than current active one (requested -> active):
  custom:video-decoder-ogg-theora: a1e56fd34408186e4bbccfd4996cb3dc -> 
  custom:container-muxer-webm: aa71ff27fc2769a1b78a27578f13a17b -> 
  custom:container-demuxer-webm: 4f35f7cbe854078d1ac9338744f61a02 -> 
  custom:video-encoder-webm-vp8: eb34c28f22e8b96e1ab97ce403110664 -> 
  custom:audio-encoder-webm-vorbis: bf7c407c2cedff20999df2af8eb42d56 -> 
  custom:framework-win-MediaFoundation: 216162199b28c13a410421893ffa2e32 -> 
  custom:container-demuxer-ogg: 62fdf1f143b41e24485cea50d1cbac27 -> 
  custom:video-decoder-webm-vp8: 9c59270c3fd7afecdb556c50c9e8de78 -> 
  custom:audio-decoder-ogg-vorbis: bf7c407c2cedff20999df2af8eb42d56 -> 
========================================================================
Received Import Request.
  Time since last request: 1262437.277520 seconds.
  path: Assets/Animations/Wheels.controller
  artifactKey: Guid(62c1577d17739374784a4721091da990) Importer(815301076,1909f56bfc062723c751e8b465ee728b)
Start importing Assets/Animations/Wheels.controller using Guid(62c1577d17739374784a4721091da990) Importer(815301076,1909f56bfc062723c751e8b465ee728b)  -> (artifact id: '9322c36365b340eaea5870bdaf196285') in 0.040516 seconds 
========================================================================
Received Prepare
Registering precompiled user dll's ...
Registered in 0.005251 seconds.
Begin MonoManager ReloadAssembly
Symbol file LoadedFromMemory doesn't match image E:\Unity\Cursos\Mobile\City Car Racing 3D Game\Library\PackageCache\com.unity.visualscripting@1.7.8\Editor\VisualScripting.Core\Dependencies\YamlDotNet\Unity.VisualScripting.YamlDotNet.dll
Symbol file LoadedFromMemory doesn't match image E:\Unity\Cursos\Mobile\City Car Racing 3D Game\Library\PackageCache\com.unity.visualscripting@1.7.8\Editor\VisualScripting.Core\Dependencies\DotNetZip\Unity.VisualScripting.IonicZip.dll
Native extension for WindowsStandalone target not found
Native extension for iOS target not found
Native extension for Android target not found
Refreshing native plugins compatible for Editor in 1.35 ms, found 3 plugins.
Preloading 0 native plugins for Editor in 0.00 ms.
Mono: successfully reloaded assembly
- Completed reload, in  1.341 seconds
Domain Reload Profiling:
	ReloadAssembly (1342ms)
		BeginReloadAssembly (165ms)
			ExecutionOrderSort (0ms)
			DisableScriptedObjects (6ms)
			BackupInstance (0ms)
			ReleaseScriptingObjects (0ms)
			CreateAndSetChildDomain (39ms)
		EndReloadAssembly (1052ms)
			LoadAssemblies (120ms)
			RebuildTransferFunctionScriptingTraits (0ms)
			SetupTypeCache (324ms)
			ReleaseScriptCaches (2ms)
			RebuildScriptCaches (61ms)
			SetupLoadedEditorAssemblies (491ms)
				LogAssemblyErrors (0ms)
				InitializePlatformSupportModulesInManaged (48ms)
				SetLoadedEditorAssemblies (1ms)
				RefreshPlugins (1ms)
				BeforeProcessingInitializeOnLoad (85ms)
				ProcessInitializeOnLoadAttributes (303ms)
				ProcessInitializeOnLoadMethodAttributes (39ms)
				AfterProcessingInitializeOnLoad (14ms)
				EditorAssembliesLoaded (0ms)
			ExecutionOrderSort2 (0ms)
			AwakeInstancesAfterBackupRestoration (9ms)
Platform modules already initialized, skipping
Refreshing native plugins compatible for Editor in 4.14 ms, found 3 plugins.
Preloading 0 native plugins for Editor in 0.00 ms.
Unloading 3666 Unused Serialized files (Serialized files now loaded: 0)
Unloading 35 unused Assets / (127.3 KB). Loaded Objects now: 4139.
Memory consumption went from 153.5 MB to 153.3 MB.
Total: 4.076700 ms (FindLiveObjects: 0.356800 ms CreateObjectMapping: 0.111700 ms MarkObjects: 3.481500 ms  DeleteObjects: 0.125600 ms)

AssetImportParameters requested are different than current active one (requested -> active):
  custom:video-decoder-ogg-theora: a1e56fd34408186e4bbccfd4996cb3dc -> 
  custom:container-muxer-webm: aa71ff27fc2769a1b78a27578f13a17b -> 
  custom:container-demuxer-webm: 4f35f7cbe854078d1ac9338744f61a02 -> 
  custom:video-encoder-webm-vp8: eb34c28f22e8b96e1ab97ce403110664 -> 
  custom:audio-encoder-webm-vorbis: bf7c407c2cedff20999df2af8eb42d56 -> 
  custom:framework-win-MediaFoundation: 216162199b28c13a410421893ffa2e32 -> 
  custom:container-demuxer-ogg: 62fdf1f143b41e24485cea50d1cbac27 -> 
  custom:video-decoder-webm-vp8: 9c59270c3fd7afecdb556c50c9e8de78 -> 
  custom:audio-decoder-ogg-vorbis: bf7c407c2cedff20999df2af8eb42d56 -> 
========================================================================
Received Import Request.
  Time since last request: 391.403048 seconds.
  path: Assets/8FastCars/Materials/Lagoon_lights_back.mat
  artifactKey: Guid(f9ff04821f555d54db51df8c4100f89a) Importer(815301076,1909f56bfc062723c751e8b465ee728b)
Start importing Assets/8FastCars/Materials/Lagoon_lights_back.mat using Guid(f9ff04821f555d54db51df8c4100f89a) Importer(815301076,1909f56bfc062723c751e8b465ee728b)  -> (artifact id: '9a6a932b78265c56a47112fe049e6cba') in 0.212729 seconds 
========================================================================
Received Import Request.
  Time since last request: 0.000031 seconds.
  path: Assets/8FastCars/Materials/Megan_Plastic.mat
  artifactKey: Guid(682426b7f6cd082499d70fae8d3f603c) Importer(815301076,1909f56bfc062723c751e8b465ee728b)
Start importing Assets/8FastCars/Materials/Megan_Plastic.mat using Guid(682426b7f6cd082499d70fae8d3f603c) Importer(815301076,1909f56bfc062723c751e8b465ee728b)  -> (artifact id: '4e8ddfca02200451a3cf396bf22500dd') in 0.047737 seconds 
========================================================================
Received Import Request.
  Time since last request: 0.000036 seconds.
  path: Assets/8FastCars/Materials/Megan_CarPaint.mat
  artifactKey: Guid(aacbba67b8beb3a4da730219fd0bd640) Importer(815301076,1909f56bfc062723c751e8b465ee728b)
Start importing Assets/8FastCars/Materials/Megan_CarPaint.mat using Guid(aacbba67b8beb3a4da730219fd0bd640) Importer(815301076,1909f56bfc062723c751e8b465ee728b)  -> (artifact id: '662d2e29011bfbe2340c816b6b044446') in 0.016750 seconds 
========================================================================
Received Import Request.
  Time since last request: 0.000020 seconds.
  path: Assets/8FastCars/Materials/Megan_Mirror.mat
  artifactKey: Guid(8994af8a10fec6a46af17f790dc7db80) Importer(815301076,1909f56bfc062723c751e8b465ee728b)
Start importing Assets/8FastCars/Materials/Megan_Mirror.mat using Guid(8994af8a10fec6a46af17f790dc7db80) Importer(815301076,1909f56bfc062723c751e8b465ee728b)  -> (artifact id: '0e8618444d4e768bd4f0ee48482f01bf') in 0.009184 seconds 
========================================================================
Received Import Request.
  Time since last request: 0.000031 seconds.
  path: Assets/8FastCars/Materials/Megan_Chassis.mat
  artifactKey: Guid(30ac7d7d5c3347447a7f45d8d5eed575) Importer(815301076,1909f56bfc062723c751e8b465ee728b)
Start importing Assets/8FastCars/Materials/Megan_Chassis.mat using Guid(30ac7d7d5c3347447a7f45d8d5eed575) Importer(815301076,1909f56bfc062723c751e8b465ee728b)  -> (artifact id: '6a0f1378994153d428b5b0d0c99060ee') in 0.011186 seconds 
========================================================================
Received Import Request.
  Time since last request: 0.000034 seconds.
  path: Assets/8FastCars/Materials/Lagoon_tyre.mat
  artifactKey: Guid(4c3c8e5339d780b429639432c786ede1) Importer(815301076,1909f56bfc062723c751e8b465ee728b)
Start importing Assets/8FastCars/Materials/Lagoon_tyre.mat using Guid(4c3c8e5339d780b429639432c786ede1) Importer(815301076,1909f56bfc062723c751e8b465ee728b)  -> (artifact id: '8db4f7a5f0d558a5902874564899e316') in 0.013943 seconds 
========================================================================
Received Import Request.
  Time since last request: 50.094114 seconds.
  path: Assets/8FastCars/Materials/Megan_Tyre.mat
  artifactKey: Guid(f91322d24934c5a4e805081266031a50) Importer(815301076,1909f56bfc062723c751e8b465ee728b)
Start importing Assets/8FastCars/Materials/Megan_Tyre.mat using Guid(f91322d24934c5a4e805081266031a50) Importer(815301076,1909f56bfc062723c751e8b465ee728b)  -> (artifact id: '71f49067c7f0e996d406ff14001c3a03') in 0.016707 seconds 
========================================================================
Received Import Request.
  Time since last request: 0.000022 seconds.
  path: Assets/8FastCars/Materials/Megan_WindowGlassBack.mat
  artifactKey: Guid(b08d7e63d23ed7642bc849b4d8bf6bcd) Importer(815301076,1909f56bfc062723c751e8b465ee728b)
Start importing Assets/8FastCars/Materials/Megan_WindowGlassBack.mat using Guid(b08d7e63d23ed7642bc849b4d8bf6bcd) Importer(815301076,1909f56bfc062723c751e8b465ee728b)  -> (artifact id: '46639e79553e4ba4d70552aa98b356b3') in 0.014747 seconds 
========================================================================
Received Import Request.
  Time since last request: 0.000025 seconds.
  path: Assets/8FastCars/Materials/Megan_WindowGlassFront.mat
  artifactKey: Guid(91b0b3a9fc2174d49b2cb36ff8961c01) Importer(815301076,1909f56bfc062723c751e8b465ee728b)
Start importing Assets/8FastCars/Materials/Megan_WindowGlassFront.mat using Guid(91b0b3a9fc2174d49b2cb36ff8961c01) Importer(815301076,1909f56bfc062723c751e8b465ee728b)  -> (artifact id: '0ab6efa0ea1cdd43dd6b0d64eb820a86') in 0.021106 seconds 
========================================================================
Received Import Request.
  Time since last request: 0.000022 seconds.
  path: Assets/8FastCars/Materials/Stranger_plastic.mat
  artifactKey: Guid(480bb5e08a29291478beaf746c7c233e) Importer(815301076,1909f56bfc062723c751e8b465ee728b)
Start importing Assets/8FastCars/Materials/Stranger_plastic.mat using Guid(480bb5e08a29291478beaf746c7c233e) Importer(815301076,1909f56bfc062723c751e8b465ee728b)  -> (artifact id: '0f67b3294c6f7c55211db0053c7419d8') in 0.022543 seconds 
========================================================================
Received Import Request.
  Time since last request: 0.000033 seconds.
  path: Assets/8FastCars/Materials/Stranger_base.mat
  artifactKey: Guid(0300f846bd356f646939b5cc59dfb195) Importer(815301076,1909f56bfc062723c751e8b465ee728b)
Start importing Assets/8FastCars/Materials/Stranger_base.mat using Guid(0300f846bd356f646939b5cc59dfb195) Importer(815301076,1909f56bfc062723c751e8b465ee728b)  -> (artifact id: '81ec5de94cfd7db85dbf65ece1a2187c') in 0.026953 seconds 
Editor requested this worker to shutdown with reason: Scaling down because of idle timeout
AssetImportWorker is now disconnected from the server
Process exiting
Exiting without the bug reporter. Application will terminate with return code 0